20:28:48 **** Incremental Build of configuration Debug for project StopWatch ****
make all 
Building file: ../StopWatch.c
Invoking: AVR Compiler
avr-gcc -Wall -g2 -gstabs -O0 -fpack-struct -fshort-enums -ffunction-sections -fdata-sections -std=gnu99 -funsigned-char -funsigned-bitfields -mmcu=atmega16 -DF_CPU=1000000UL -MMD -MP -MF"StopWatch.d" -MT"StopWatch.o" -c -o "StopWatch.o" "../StopWatch.c"
In file included from ../StopWatch.c:3:
c:/winavr-20100110/lib/gcc/../../avr/include/util/delay.h:90:3: warning: #warning "Compiler optimizations disabled; functions from <util/delay.h> won't work as designed"
../StopWatch.c: In function 'INT1_Init':
../StopWatch.c:84: error: called object '8' is not a function
make: *** [StopWatch.o] Error 1
"make all" terminated with exit code 2. Build might be incomplete.
20:29:29 **** Incremental Build of configuration Debug for project StopWatch ****
make all 
Building file: ../StopWatch.c
Invoking: AVR Compiler
avr-gcc -Wall -g2 -gstabs -O0 -fpack-struct -fshort-enums -ffunction-sections -fdata-sections -std=gnu99 -funsigned-char -funsigned-bitfields -mmcu=atmega16 -DF_CPU=1000000UL -MMD -MP -MF"StopWatch.d" -MT"StopWatch.o" -c -o "StopWatch.o" "../StopWatch.c"
In file included from ../StopWatch.c:3:
c:/winavr-20100110/lib/gcc/../../avr/include/util/delay.h:90:3: warning: #warning "Compiler optimizations disabled; functions from <util/delay.h> won't work as designed"
Finished building: ../StopWatch.c
 
Building target: StopWatch.elf
Invoking: AVR C Linker
avr-gcc -Wl,-Map,StopWatch.map -mmcu=atmega16 -o "StopWatch.elf"  ./StopWatch.o   
Finished building target: StopWatch.elf
 
Invoking: AVR Create Extended Listing
avr-objdump -h -S StopWatch.elf  >"StopWatch.lss"
Finished building: StopWatch.lss
 
Invoking: Print Size
avr-size --format=avr --mcu=atmega16 StopWatch.elf
AVR Memory Usage
----------------
Device: atmega16

Program:    5468 bytes (33.4% Full)
(.text + .data + .bootloader)

Data:         12 bytes (1.2% Full)
(.data + .bss + .noinit)


Finished building: sizedummy
 
21:14:15 **** Incremental Build of configuration Debug for project StopWatch ****
make all 
Building file: ../StopWatch.c
Invoking: AVR Compiler
avr-gcc -Wall -g2 -gstabs -O0 -fpack-struct -fshort-enums -ffunction-sections -fdata-sections -std=gnu99 -funsigned-char -funsigned-bitfields -mmcu=atmega16 -DF_CPU=1000000UL -MMD -MP -MF"StopWatch.d" -MT"StopWatch.o" -c -o "StopWatch.o" "../StopWatch.c"
In file included from ../StopWatch.c:3:
c:/winavr-20100110/lib/gcc/../../avr/include/util/delay.h:90:3: warning: #warning "Compiler optimizations disabled; functions from <util/delay.h> won't work as designed"
../StopWatch.c: In function 'main':
../StopWatch.c:136: warning: implicit declaration of function 'Timer1_Init'
Finished building: ../StopWatch.c
 
Building target: StopWatch.elf
Invoking: AVR C Linker
avr-gcc -Wl,-Map,StopWatch.map -mmcu=atmega16 -o "StopWatch.elf"  ./StopWatch.o   
./StopWatch.o: In function `main':
../StopWatch.c:136: undefined reference to `Timer1_Init'
make: *** [StopWatch.elf] Error 1
"make all" terminated with exit code 2. Build might be incomplete.
21:14:32 **** Incremental Build of configuration Debug for project StopWatch ****
make all 
Building file: ../StopWatch.c
Invoking: AVR Compiler
avr-gcc -Wall -g2 -gstabs -O0 -fpack-struct -fshort-enums -ffunction-sections -fdata-sections -std=gnu99 -funsigned-char -funsigned-bitfields -mmcu=atmega16 -DF_CPU=1000000UL -MMD -MP -MF"StopWatch.d" -MT"StopWatch.o" -c -o "StopWatch.o" "../StopWatch.c"
In file included from ../StopWatch.c:3:
c:/winavr-20100110/lib/gcc/../../avr/include/util/delay.h:90:3: warning: #warning "Compiler optimizations disabled; functions from <util/delay.h> won't work as designed"
Finished building: ../StopWatch.c
 
Building target: StopWatch.elf
Invoking: AVR C Linker
avr-gcc -Wl,-Map,StopWatch.map -mmcu=atmega16 -o "StopWatch.elf"  ./StopWatch.o   
Finished building target: StopWatch.elf
 
Invoking: AVR Create Extended Listing
avr-objdump -h -S StopWatch.elf  >"StopWatch.lss"
Finished building: StopWatch.lss
 
Invoking: Print Size
avr-size --format=avr --mcu=atmega16 StopWatch.elf
AVR Memory Usage
----------------
Device: atmega16

Program:    5442 bytes (33.2% Full)
(.text + .data + .bootloader)

Data:         12 bytes (1.2% Full)
(.data + .bss + .noinit)


Finished building: sizedummy
 
21:16:43 **** Incremental Build of configuration Debug for project StopWatch ****
make all 
Building file: ../StopWatch.c
Invoking: AVR Compiler
avr-gcc -Wall -g2 -gstabs -O0 -fpack-struct -fshort-enums -ffunction-sections -fdata-sections -std=gnu99 -funsigned-char -funsigned-bitfields -mmcu=atmega16 -DF_CPU=1000000UL -MMD -MP -MF"StopWatch.d" -MT"StopWatch.o" -c -o "StopWatch.o" "../StopWatch.c"
In file included from ../StopWatch.c:3:
c:/winavr-20100110/lib/gcc/../../avr/include/util/delay.h:90:3: warning: #warning "Compiler optimizations disabled; functions from <util/delay.h> won't work as designed"
Finished building: ../StopWatch.c
 
Building target: StopWatch.elf
Invoking: AVR C Linker
avr-gcc -Wl,-Map,StopWatch.map -mmcu=atmega16 -o "StopWatch.elf"  ./StopWatch.o   
Finished building target: StopWatch.elf
 
Invoking: AVR Create Extended Listing
avr-objdump -h -S StopWatch.elf  >"StopWatch.lss"
Finished building: StopWatch.lss
 
Invoking: Print Size
avr-size --format=avr --mcu=atmega16 StopWatch.elf
AVR Memory Usage
----------------
Device: atmega16

Program:    5446 bytes (33.2% Full)
(.text + .data + .bootloader)

Data:         12 bytes (1.2% Full)
(.data + .bss + .noinit)


Finished building: sizedummy
 
21:18:52 **** Incremental Build of configuration Debug for project StopWatch ****
make all 
Building file: ../StopWatch.c
Invoking: AVR Compiler
avr-gcc -Wall -g2 -gstabs -O0 -fpack-struct -fshort-enums -ffunction-sections -fdata-sections -std=gnu99 -funsigned-char -funsigned-bitfields -mmcu=atmega16 -DF_CPU=1000000UL -MMD -MP -MF"StopWatch.d" -MT"StopWatch.o" -c -o "StopWatch.o" "../StopWatch.c"
In file included from ../StopWatch.c:3:
c:/winavr-20100110/lib/gcc/../../avr/include/util/delay.h:90:3: warning: #warning "Compiler optimizations disabled; functions from <util/delay.h> won't work as designed"
Finished building: ../StopWatch.c
 
Building target: StopWatch.elf
Invoking: AVR C Linker
avr-gcc -Wl,-Map,StopWatch.map -mmcu=atmega16 -o "StopWatch.elf"  ./StopWatch.o   
Finished building target: StopWatch.elf
 
Invoking: AVR Create Extended Listing
avr-objdump -h -S StopWatch.elf  >"StopWatch.lss"
Finished building: StopWatch.lss
 
Invoking: Print Size
avr-size --format=avr --mcu=atmega16 StopWatch.elf
AVR Memory Usage
----------------
Device: atmega16

Program:    7280 bytes (44.4% Full)
(.text + .data + .bootloader)

Data:         12 bytes (1.2% Full)
(.data + .bss + .noinit)


Finished building: sizedummy
 
21:19:44 **** Incremental Build of configuration Debug for project StopWatch ****
make all 
Building file: ../StopWatch.c
Invoking: AVR Compiler
avr-gcc -Wall -g2 -gstabs -O0 -fpack-struct -fshort-enums -ffunction-sections -fdata-sections -std=gnu99 -funsigned-char -funsigned-bitfields -mmcu=atmega16 -DF_CPU=1000000UL -MMD -MP -MF"StopWatch.d" -MT"StopWatch.o" -c -o "StopWatch.o" "../StopWatch.c"
In file included from ../StopWatch.c:3:
c:/winavr-20100110/lib/gcc/../../avr/include/util/delay.h:90:3: warning: #warning "Compiler optimizations disabled; functions from <util/delay.h> won't work as designed"
Finished building: ../StopWatch.c
 
Building target: StopWatch.elf
Invoking: AVR C Linker
avr-gcc -Wl,-Map,StopWatch.map -mmcu=atmega16 -o "StopWatch.elf"  ./StopWatch.o   
Finished building target: StopWatch.elf
 
Invoking: AVR Create Extended Listing
avr-objdump -h -S StopWatch.elf  >"StopWatch.lss"
Finished building: StopWatch.lss
 
Invoking: Print Size
avr-size --format=avr --mcu=atmega16 StopWatch.elf
AVR Memory Usage
----------------
Device: atmega16

Program:    5438 bytes (33.2% Full)
(.text + .data + .bootloader)

Data:         12 bytes (1.2% Full)
(.data + .bss + .noinit)


Finished building: sizedummy
 
21:21:11 **** Incremental Build of configuration Debug for project StopWatch ****
make all 
Building file: ../StopWatch.c
Invoking: AVR Compiler
avr-gcc -Wall -g2 -gstabs -O0 -fpack-struct -fshort-enums -ffunction-sections -fdata-sections -std=gnu99 -funsigned-char -funsigned-bitfields -mmcu=atmega16 -DF_CPU=1000000UL -MMD -MP -MF"StopWatch.d" -MT"StopWatch.o" -c -o "StopWatch.o" "../StopWatch.c"
In file included from ../StopWatch.c:3:
c:/winavr-20100110/lib/gcc/../../avr/include/util/delay.h:90:3: warning: #warning "Compiler optimizations disabled; functions from <util/delay.h> won't work as designed"
Finished building: ../StopWatch.c
 
Building target: StopWatch.elf
Invoking: AVR C Linker
avr-gcc -Wl,-Map,StopWatch.map -mmcu=atmega16 -o "StopWatch.elf"  ./StopWatch.o   
Finished building target: StopWatch.elf
 
Invoking: AVR Create Extended Listing
avr-objdump -h -S StopWatch.elf  >"StopWatch.lss"
Finished building: StopWatch.lss
 
Invoking: Print Size
avr-size --format=avr --mcu=atmega16 StopWatch.elf
AVR Memory Usage
----------------
Device: atmega16

Program:    5442 bytes (33.2% Full)
(.text + .data + .bootloader)

Data:         12 bytes (1.2% Full)
(.data + .bss + .noinit)


Finished building: sizedummy
 
21:21:36 **** Incremental Build of configuration Debug for project StopWatch ****
make all 
Building file: ../StopWatch.c
Invoking: AVR Compiler
avr-gcc -Wall -g2 -gstabs -O0 -fpack-struct -fshort-enums -ffunction-sections -fdata-sections -std=gnu99 -funsigned-char -funsigned-bitfields -mmcu=atmega16 -DF_CPU=1000000UL -MMD -MP -MF"StopWatch.d" -MT"StopWatch.o" -c -o "StopWatch.o" "../StopWatch.c"
In file included from ../StopWatch.c:3:
c:/winavr-20100110/lib/gcc/../../avr/include/util/delay.h:90:3: warning: #warning "Compiler optimizations disabled; functions from <util/delay.h> won't work as designed"
Finished building: ../StopWatch.c
 
Building target: StopWatch.elf
Invoking: AVR C Linker
avr-gcc -Wl,-Map,StopWatch.map -mmcu=atmega16 -o "StopWatch.elf"  ./StopWatch.o   
Finished building target: StopWatch.elf
 
Invoking: AVR Create Extended Listing
avr-objdump -h -S StopWatch.elf  >"StopWatch.lss"
Finished building: StopWatch.lss
 
Invoking: Print Size
avr-size --format=avr --mcu=atmega16 StopWatch.elf
AVR Memory Usage
----------------
Device: atmega16

Program:    5442 bytes (33.2% Full)
(.text + .data + .bootloader)

Data:         12 bytes (1.2% Full)
(.data + .bss + .noinit)


Finished building: sizedummy
 
21:23:08 **** Incremental Build of configuration Debug for project StopWatch ****
make all 
Building file: ../StopWatch.c
Invoking: AVR Compiler
avr-gcc -Wall -g2 -gstabs -O0 -fpack-struct -fshort-enums -ffunction-sections -fdata-sections -std=gnu99 -funsigned-char -funsigned-bitfields -mmcu=atmega16 -DF_CPU=1000000UL -MMD -MP -MF"StopWatch.d" -MT"StopWatch.o" -c -o "StopWatch.o" "../StopWatch.c"
In file included from ../StopWatch.c:3:
c:/winavr-20100110/lib/gcc/../../avr/include/util/delay.h:90:3: warning: #warning "Compiler optimizations disabled; functions from <util/delay.h> won't work as designed"
Finished building: ../StopWatch.c
 
Building target: StopWatch.elf
Invoking: AVR C Linker
avr-gcc -Wl,-Map,StopWatch.map -mmcu=atmega16 -o "StopWatch.elf"  ./StopWatch.o   
Finished building target: StopWatch.elf
 
Invoking: AVR Create Extended Listing
avr-objdump -h -S StopWatch.elf  >"StopWatch.lss"
Finished building: StopWatch.lss
 
Invoking: Print Size
avr-size --format=avr --mcu=atmega16 StopWatch.elf
AVR Memory Usage
----------------
Device: atmega16

Program:    5442 bytes (33.2% Full)
(.text + .data + .bootloader)

Data:         12 bytes (1.2% Full)
(.data + .bss + .noinit)


Finished building: sizedummy
 
21:27:09 **** Incremental Build of configuration Debug for project StopWatch ****
make all 
Building file: ../StopWatch.c
Invoking: AVR Compiler
avr-gcc -Wall -g2 -gstabs -O0 -fpack-struct -fshort-enums -ffunction-sections -fdata-sections -std=gnu99 -funsigned-char -funsigned-bitfields -mmcu=atmega16 -DF_CPU=1000000UL -MMD -MP -MF"StopWatch.d" -MT"StopWatch.o" -c -o "StopWatch.o" "../StopWatch.c"
In file included from ../StopWatch.c:3:
c:/winavr-20100110/lib/gcc/../../avr/include/util/delay.h:90:3: warning: #warning "Compiler optimizations disabled; functions from <util/delay.h> won't work as designed"
Finished building: ../StopWatch.c
 
Building target: StopWatch.elf
Invoking: AVR C Linker
avr-gcc -Wl,-Map,StopWatch.map -mmcu=atmega16 -o "StopWatch.elf"  ./StopWatch.o   
Finished building target: StopWatch.elf
 
Invoking: AVR Create Extended Listing
avr-objdump -h -S StopWatch.elf  >"StopWatch.lss"
Finished building: StopWatch.lss
 
Invoking: Print Size
avr-size --format=avr --mcu=atmega16 StopWatch.elf
AVR Memory Usage
----------------
Device: atmega16

Program:    5442 bytes (33.2% Full)
(.text + .data + .bootloader)

Data:         12 bytes (1.2% Full)
(.data + .bss + .noinit)


Finished building: sizedummy
 
21:28:20 **** Incremental Build of configuration Debug for project StopWatch ****
make all 
Building file: ../StopWatch.c
Invoking: AVR Compiler
avr-gcc -Wall -g2 -gstabs -O0 -fpack-struct -fshort-enums -ffunction-sections -fdata-sections -std=gnu99 -funsigned-char -funsigned-bitfields -mmcu=atmega16 -DF_CPU=1000000UL -MMD -MP -MF"StopWatch.d" -MT"StopWatch.o" -c -o "StopWatch.o" "../StopWatch.c"
In file included from ../StopWatch.c:3:
c:/winavr-20100110/lib/gcc/../../avr/include/util/delay.h:90:3: warning: #warning "Compiler optimizations disabled; functions from <util/delay.h> won't work as designed"
Finished building: ../StopWatch.c
 
Building target: StopWatch.elf
Invoking: AVR C Linker
avr-gcc -Wl,-Map,StopWatch.map -mmcu=atmega16 -o "StopWatch.elf"  ./StopWatch.o   
Finished building target: StopWatch.elf
 
Invoking: AVR Create Extended Listing
avr-objdump -h -S StopWatch.elf  >"StopWatch.lss"
Finished building: StopWatch.lss
 
Invoking: Print Size
avr-size --format=avr --mcu=atmega16 StopWatch.elf
AVR Memory Usage
----------------
Device: atmega16

Program:    5464 bytes (33.3% Full)
(.text + .data + .bootloader)

Data:         12 bytes (1.2% Full)
(.data + .bss + .noinit)


Finished building: sizedummy
 
21:29:00 **** Incremental Build of configuration Debug for project StopWatch ****
make all 
Building file: ../StopWatch.c
Invoking: AVR Compiler
avr-gcc -Wall -g2 -gstabs -O0 -fpack-struct -fshort-enums -ffunction-sections -fdata-sections -std=gnu99 -funsigned-char -funsigned-bitfields -mmcu=atmega16 -DF_CPU=1000000UL -MMD -MP -MF"StopWatch.d" -MT"StopWatch.o" -c -o "StopWatch.o" "../StopWatch.c"
In file included from ../StopWatch.c:3:
c:/winavr-20100110/lib/gcc/../../avr/include/util/delay.h:90:3: warning: #warning "Compiler optimizations disabled; functions from <util/delay.h> won't work as designed"
Finished building: ../StopWatch.c
 
Building target: StopWatch.elf
Invoking: AVR C Linker
avr-gcc -Wl,-Map,StopWatch.map -mmcu=atmega16 -o "StopWatch.elf"  ./StopWatch.o   
Finished building target: StopWatch.elf
 
Invoking: AVR Create Extended Listing
avr-objdump -h -S StopWatch.elf  >"StopWatch.lss"
Finished building: StopWatch.lss
 
Invoking: Print Size
avr-size --format=avr --mcu=atmega16 StopWatch.elf
AVR Memory Usage
----------------
Device: atmega16

Program:    5464 bytes (33.3% Full)
(.text + .data + .bootloader)

Data:         12 bytes (1.2% Full)
(.data + .bss + .noinit)


Finished building: sizedummy
 
21:29:41 **** Incremental Build of configuration Debug for project StopWatch ****
make all 
Building file: ../StopWatch.c
Invoking: AVR Compiler
avr-gcc -Wall -g2 -gstabs -O0 -fpack-struct -fshort-enums -ffunction-sections -fdata-sections -std=gnu99 -funsigned-char -funsigned-bitfields -mmcu=atmega16 -DF_CPU=1000000UL -MMD -MP -MF"StopWatch.d" -MT"StopWatch.o" -c -o "StopWatch.o" "../StopWatch.c"
In file included from ../StopWatch.c:3:
c:/winavr-20100110/lib/gcc/../../avr/include/util/delay.h:90:3: warning: #warning "Compiler optimizations disabled; functions from <util/delay.h> won't work as designed"
Finished building: ../StopWatch.c
 
Building target: StopWatch.elf
Invoking: AVR C Linker
avr-gcc -Wl,-Map,StopWatch.map -mmcu=atmega16 -o "StopWatch.elf"  ./StopWatch.o   
Finished building target: StopWatch.elf
 
Invoking: AVR Create Extended Listing
avr-objdump -h -S StopWatch.elf  >"StopWatch.lss"
Finished building: StopWatch.lss
 
Invoking: Print Size
avr-size --format=avr --mcu=atmega16 StopWatch.elf
AVR Memory Usage
----------------
Device: atmega16

Program:    5468 bytes (33.4% Full)
(.text + .data + .bootloader)

Data:         12 bytes (1.2% Full)
(.data + .bss + .noinit)


Finished building: sizedummy
 
21:30:03 **** Incremental Build of configuration Debug for project StopWatch ****
make all 
Building file: ../StopWatch.c
Invoking: AVR Compiler
avr-gcc -Wall -g2 -gstabs -O0 -fpack-struct -fshort-enums -ffunction-sections -fdata-sections -std=gnu99 -funsigned-char -funsigned-bitfields -mmcu=atmega16 -DF_CPU=1000000UL -MMD -MP -MF"StopWatch.d" -MT"StopWatch.o" -c -o "StopWatch.o" "../StopWatch.c"
In file included from ../StopWatch.c:3:
c:/winavr-20100110/lib/gcc/../../avr/include/util/delay.h:90:3: warning: #warning "Compiler optimizations disabled; functions from <util/delay.h> won't work as designed"
Finished building: ../StopWatch.c
 
Building target: StopWatch.elf
Invoking: AVR C Linker
avr-gcc -Wl,-Map,StopWatch.map -mmcu=atmega16 -o "StopWatch.elf"  ./StopWatch.o   
Finished building target: StopWatch.elf
 
Invoking: AVR Create Extended Listing
avr-objdump -h -S StopWatch.elf  >"StopWatch.lss"
Finished building: StopWatch.lss
 
Invoking: Print Size
avr-size --format=avr --mcu=atmega16 StopWatch.elf
AVR Memory Usage
----------------
Device: atmega16

Program:    5468 bytes (33.4% Full)
(.text + .data + .bootloader)

Data:         12 bytes (1.2% Full)
(.data + .bss + .noinit)


Finished building: sizedummy
 
16:14:36 **** Incremental Build of configuration Debug for project StopWatch ****
make all 
Building file: ../StopWatch.c
Invoking: AVR Compiler
avr-gcc -Wall -g2 -gstabs -O0 -fpack-struct -fshort-enums -ffunction-sections -fdata-sections -std=gnu99 -funsigned-char -funsigned-bitfields -mmcu=atmega16 -DF_CPU=1000000UL -MMD -MP -MF"StopWatch.d" -MT"StopWatch.o" -c -o "StopWatch.o" "../StopWatch.c"
In file included from ../StopWatch.c:3:
c:/winavr-20100110/lib/gcc/../../avr/include/util/delay.h:90:3: warning: #warning "Compiler optimizations disabled; functions from <util/delay.h> won't work as designed"
Finished building: ../StopWatch.c
 
Building target: StopWatch.elf
Invoking: AVR C Linker
avr-gcc -Wl,-Map,StopWatch.map -mmcu=atmega16 -o "StopWatch.elf"  ./StopWatch.o   
Finished building target: StopWatch.elf
 
Invoking: AVR Create Extended Listing
avr-objdump -h -S StopWatch.elf  >"StopWatch.lss"
Finished building: StopWatch.lss
 
Invoking: Print Size
avr-size --format=avr --mcu=atmega16 StopWatch.elf
AVR Memory Usage
----------------
Device: atmega16

Program:    5468 bytes (33.4% Full)
(.text + .data + .bootloader)

Data:         12 bytes (1.2% Full)
(.data + .bss + .noinit)


Finished building: sizedummy
 
16:37:56 **** Incremental Build of configuration Debug for project StopWatch ****
make all 
Building file: ../StopWatch.c
Invoking: AVR Compiler
avr-gcc -Wall -g2 -gstabs -O0 -fpack-struct -fshort-enums -ffunction-sections -fdata-sections -std=gnu99 -funsigned-char -funsigned-bitfields -mmcu=atmega16 -DF_CPU=1000000UL -MMD -MP -MF"StopWatch.d" -MT"StopWatch.o" -c -o "StopWatch.o" "../StopWatch.c"
In file included from ../StopWatch.c:10:
c:/winavr-20100110/lib/gcc/../../avr/include/util/delay.h:90:3: warning: #warning "Compiler optimizations disabled; functions from <util/delay.h> won't work as designed"
Finished building: ../StopWatch.c
 
Building target: StopWatch.elf
Invoking: AVR C Linker
avr-gcc -Wl,-Map,StopWatch.map -mmcu=atmega16 -o "StopWatch.elf"  ./StopWatch.o   
Finished building target: StopWatch.elf
 
Invoking: AVR Create Extended Listing
avr-objdump -h -S StopWatch.elf  >"StopWatch.lss"
Finished building: StopWatch.lss
 
Invoking: Print Size
avr-size --format=avr --mcu=atmega16 StopWatch.elf
AVR Memory Usage
----------------
Device: atmega16

Program:    5466 bytes (33.4% Full)
(.text + .data + .bootloader)

Data:         12 bytes (1.2% Full)
(.data + .bss + .noinit)


Finished building: sizedummy
 
16:40:56 **** Incremental Build of configuration Debug for project StopWatch ****
make all 
Building file: ../StopWatch.c
Invoking: AVR Compiler
avr-gcc -Wall -g2 -gstabs -O0 -fpack-struct -fshort-enums -ffunction-sections -fdata-sections -std=gnu99 -funsigned-char -funsigned-bitfields -mmcu=atmega16 -DF_CPU=1000000UL -MMD -MP -MF"StopWatch.d" -MT"StopWatch.o" -c -o "StopWatch.o" "../StopWatch.c"
In file included from ../StopWatch.c:10:
c:/winavr-20100110/lib/gcc/../../avr/include/util/delay.h:90:3: warning: #warning "Compiler optimizations disabled; functions from <util/delay.h> won't work as designed"
Finished building: ../StopWatch.c
 
Building target: StopWatch.elf
Invoking: AVR C Linker
avr-gcc -Wl,-Map,StopWatch.map -mmcu=atmega16 -o "StopWatch.elf"  ./StopWatch.o   
Finished building target: StopWatch.elf
 
Invoking: AVR Create Extended Listing
avr-objdump -h -S StopWatch.elf  >"StopWatch.lss"
Finished building: StopWatch.lss
 
Invoking: Print Size
avr-size --format=avr --mcu=atmega16 StopWatch.elf
AVR Memory Usage
----------------
Device: atmega16

Program:    5466 bytes (33.4% Full)
(.text + .data + .bootloader)

Data:         12 bytes (1.2% Full)
(.data + .bss + .noinit)


Finished building: sizedummy
 
16:45:34 **** Incremental Build of configuration Debug for project StopWatch ****
make all 
Building file: ../StopWatch.c
Invoking: AVR Compiler
avr-gcc -Wall -g2 -gstabs -O0 -fpack-struct -fshort-enums -ffunction-sections -fdata-sections -std=gnu99 -funsigned-char -funsigned-bitfields -mmcu=atmega16 -DF_CPU=1000000UL -MMD -MP -MF"StopWatch.d" -MT"StopWatch.o" -c -o "StopWatch.o" "../StopWatch.c"
In file included from ../StopWatch.c:10:
c:/winavr-20100110/lib/gcc/../../avr/include/util/delay.h:90:3: warning: #warning "Compiler optimizations disabled; functions from <util/delay.h> won't work as designed"
Finished building: ../StopWatch.c
 
Building target: StopWatch.elf
Invoking: AVR C Linker
avr-gcc -Wl,-Map,StopWatch.map -mmcu=atmega16 -o "StopWatch.elf"  ./StopWatch.o   
Finished building target: StopWatch.elf
 
Invoking: AVR Create Extended Listing
avr-objdump -h -S StopWatch.elf  >"StopWatch.lss"
Finished building: StopWatch.lss
 
Invoking: Print Size
avr-size --format=avr --mcu=atmega16 StopWatch.elf
AVR Memory Usage
----------------
Device: atmega16

Program:    5478 bytes (33.4% Full)
(.text + .data + .bootloader)

Data:         12 bytes (1.2% Full)
(.data + .bss + .noinit)


Finished building: sizedummy
 
16:46:36 **** Incremental Build of configuration Debug for project StopWatch ****
make all 
Building file: ../StopWatch.c
Invoking: AVR Compiler
avr-gcc -Wall -g2 -gstabs -O0 -fpack-struct -fshort-enums -ffunction-sections -fdata-sections -std=gnu99 -funsigned-char -funsigned-bitfields -mmcu=atmega16 -DF_CPU=1000000UL -MMD -MP -MF"StopWatch.d" -MT"StopWatch.o" -c -o "StopWatch.o" "../StopWatch.c"
In file included from ../StopWatch.c:10:
c:/winavr-20100110/lib/gcc/../../avr/include/util/delay.h:90:3: warning: #warning "Compiler optimizations disabled; functions from <util/delay.h> won't work as designed"
Finished building: ../StopWatch.c
 
Building target: StopWatch.elf
Invoking: AVR C Linker
avr-gcc -Wl,-Map,StopWatch.map -mmcu=atmega16 -o "StopWatch.elf"  ./StopWatch.o   
Finished building target: StopWatch.elf
 
Invoking: AVR Create Extended Listing
avr-objdump -h -S StopWatch.elf  >"StopWatch.lss"
Finished building: StopWatch.lss
 
Invoking: Print Size
avr-size --format=avr --mcu=atmega16 StopWatch.elf
AVR Memory Usage
----------------
Device: atmega16

Program:    5466 bytes (33.4% Full)
(.text + .data + .bootloader)

Data:         12 bytes (1.2% Full)
(.data + .bss + .noinit)


Finished building: sizedummy
 
16:48:31 **** Incremental Build of configuration Debug for project StopWatch ****
make all 
Building file: ../StopWatch.c
Invoking: AVR Compiler
avr-gcc -Wall -g2 -gstabs -O0 -fpack-struct -fshort-enums -ffunction-sections -fdata-sections -std=gnu99 -funsigned-char -funsigned-bitfields -mmcu=atmega16 -DF_CPU=1000000UL -MMD -MP -MF"StopWatch.d" -MT"StopWatch.o" -c -o "StopWatch.o" "../StopWatch.c"
In file included from ../StopWatch.c:10:
c:/winavr-20100110/lib/gcc/../../avr/include/util/delay.h:90:3: warning: #warning "Compiler optimizations disabled; functions from <util/delay.h> won't work as designed"
Finished building: ../StopWatch.c
 
Building target: StopWatch.elf
Invoking: AVR C Linker
avr-gcc -Wl,-Map,StopWatch.map -mmcu=atmega16 -o "StopWatch.elf"  ./StopWatch.o   
Finished building target: StopWatch.elf
 
Invoking: AVR Create Extended Listing
avr-objdump -h -S StopWatch.elf  >"StopWatch.lss"
Finished building: StopWatch.lss
 
Invoking: Print Size
avr-size --format=avr --mcu=atmega16 StopWatch.elf
AVR Memory Usage
----------------
Device: atmega16

Program:    5478 bytes (33.4% Full)
(.text + .data + .bootloader)

Data:         12 bytes (1.2% Full)
(.data + .bss + .noinit)


Finished building: sizedummy
 
16:50:40 **** Incremental Build of configuration Debug for project StopWatch ****
make all 
Building file: ../StopWatch.c
Invoking: AVR Compiler
avr-gcc -Wall -g2 -gstabs -O0 -fpack-struct -fshort-enums -ffunction-sections -fdata-sections -std=gnu99 -funsigned-char -funsigned-bitfields -mmcu=atmega16 -DF_CPU=1000000UL -MMD -MP -MF"StopWatch.d" -MT"StopWatch.o" -c -o "StopWatch.o" "../StopWatch.c"
In file included from ../StopWatch.c:10:
c:/winavr-20100110/lib/gcc/../../avr/include/util/delay.h:90:3: warning: #warning "Compiler optimizations disabled; functions from <util/delay.h> won't work as designed"
Finished building: ../StopWatch.c
 
Building target: StopWatch.elf
Invoking: AVR C Linker
avr-gcc -Wl,-Map,StopWatch.map -mmcu=atmega16 -o "StopWatch.elf"  ./StopWatch.o   
Finished building target: StopWatch.elf
 
Invoking: AVR Create Extended Listing
avr-objdump -h -S StopWatch.elf  >"StopWatch.lss"
Finished building: StopWatch.lss
 
Invoking: Print Size
avr-size --format=avr --mcu=atmega16 StopWatch.elf
AVR Memory Usage
----------------
Device: atmega16

Program:    5478 bytes (33.4% Full)
(.text + .data + .bootloader)

Data:         12 bytes (1.2% Full)
(.data + .bss + .noinit)


Finished building: sizedummy
 
16:50:52 **** Incremental Build of configuration Debug for project StopWatch ****
make all 
Building file: ../StopWatch.c
Invoking: AVR Compiler
avr-gcc -Wall -g2 -gstabs -O0 -fpack-struct -fshort-enums -ffunction-sections -fdata-sections -std=gnu99 -funsigned-char -funsigned-bitfields -mmcu=atmega16 -DF_CPU=1000000UL -MMD -MP -MF"StopWatch.d" -MT"StopWatch.o" -c -o "StopWatch.o" "../StopWatch.c"
In file included from ../StopWatch.c:10:
c:/winavr-20100110/lib/gcc/../../avr/include/util/delay.h:90:3: warning: #warning "Compiler optimizations disabled; functions from <util/delay.h> won't work as designed"
Finished building: ../StopWatch.c
 
Building target: StopWatch.elf
Invoking: AVR C Linker
avr-gcc -Wl,-Map,StopWatch.map -mmcu=atmega16 -o "StopWatch.elf"  ./StopWatch.o   
Finished building target: StopWatch.elf
 
Invoking: AVR Create Extended Listing
avr-objdump -h -S StopWatch.elf  >"StopWatch.lss"
Finished building: StopWatch.lss
 
Invoking: Print Size
avr-size --format=avr --mcu=atmega16 StopWatch.elf
AVR Memory Usage
----------------
Device: atmega16

Program:    5478 bytes (33.4% Full)
(.text + .data + .bootloader)

Data:         12 bytes (1.2% Full)
(.data + .bss + .noinit)


Finished building: sizedummy
 
